-----------Looking for env file------------
Found env file.
-----------Looking for adj file------------
Found adj file.
Connecting to discord...

QuirtisBot#5604 has connected to Discord!
QuirtisBot#5604 is connected to the following guild:
RedLarch6(id: 143217430070558720)

Guild Members:
 - QuirtisBot
checking message: you smelly pirate hooker you
I'm looking at the message!
starting replacer on message 'you smelly pirate hooker you'
checking message: Quirtis is a venereous little bot ain't it?
I'm looking at the message!
starting replacer on message 'Quirtis is a venereous little bot ain't it?'
checking message: It doesn;t know venereous.
I'm looking at the message!
starting replacer on message 'It doesn;t know venereous.'
checking message: back to teh drawing board.
I'm looking at the message!
starting replacer on message 'back to teh drawing board.'
checking message: Oops
I'm looking at the message!
starting replacer on message 'Oops'
checking message: !QB remove back
'back' removed
checking message: Quirtisbot makes me spunky
I'm looking at the message!
starting replacer on message 'Quirtisbot makes me spunky'
checking message: !QB add spunky
'spunky
' added
checking message: That's better ya spunky mank.
I'm looking at the message!
starting replacer on message 'That's better ya spunky mank.'
checking message: Spunky bot
I'm looking at the message!
starting replacer on message 'Spunky bot'
checking message: Das right
I'm looking at the message!
starting replacer on message 'Das right'
checking message: Exactly, and don't you forget it
I'm looking at the message!
starting replacer on message 'Exactly, and don't you forget it'
checking message: !QB add Emilio
'Emilio
' added
checking message: So I was hanging with my boi Emilio.
I'm looking at the message!
starting replacer on message 'So I was hanging with my boi Emilio.'
checking message: You right
I'm looking at the message!
starting replacer on message 'You right'
checking message: We both are tight
I'm looking at the message!
starting replacer on message 'We both are tight'
checking message: Yes
I'm looking at the message!
starting replacer on message 'Yes'
checking message: Is Emilio tight?
I'm looking at the message!
starting replacer on message 'Is Emilio tight?'
checking message: Yes he is.
I'm looking at the message!
starting replacer on message 'Yes he is.'
checking message: !QB remove right
'right' removed
checking message: Lol
I'm looking at the message!
starting replacer on message 'Lol'
checking message: Quirtisbot do you know the word marsupial?
I'm looking at the message!
starting replacer on message 'Quirtisbot do you know the word marsupial?'
checking message: How about salacious
I'm looking at the message!
starting replacer on message 'How about salacious'
checking message: Add em
I'm looking at the message!
starting replacer on message 'Add em'
checking message: !QB add marsupial
'marsupial
' added
checking message: !QB add salacious
'salacious
' added
checking message: I hope you spelled that right
I'm looking at the message!
starting replacer on message 'I hope you spelled that right'
checking message: hahaha
I'm looking at the message!
starting replacer on message 'hahaha'
checking message: !QB remove that
'that' removed
checking message: https://tenor.com/view/louise-belcher-kristen-schaal-evil-laugh-maniac-laugh-maniacal-laughter-gif-4218819
I'm looking at the message!
starting replacer on message 'https://tenor.com/view/louise-belcher-kristen-schaal-evil-laugh-maniac-laugh-maniacal-laughter-gif-4218819'
checking message: Ooooh, it triggers on gifs
I'm looking at the message!
starting replacer on message 'Ooooh, it triggers on gifs'
checking message: https://tenor.com/view/pig-sexy-pig-sexy-fat-bikini-sexy-back-gif-12326005
I'm looking at the message!
starting replacer on message 'https://tenor.com/view/pig-sexy-pig-sexy-fat-bikini-sexy-back-gif-12326005'
checking message: !QB remove loving_lover
'loving' removed
checking message: !QB add loving
'loving
' added
checking message: Hahahahah
I'm looking at the message!
starting replacer on message 'Hahahahah'
checking message: !QB calm
I'm calm.
checking message: !QB get ratchet
checking message: It needs a ratchet mode
checking message: !QB help
Printing help.
checking message: !QB killyaself
checking message: Harsh
checking message: You're harsh
checking message: Thanks moosebot
I'm looking at the message!
starting replacer on message 'Thanks moosebot'
checking message: You're thanks
checking message: !QB add word moist
'word
' added
checking message: !QB add moist
'moist
' added
checking message: !QB add grubby
'grubby
' added
checking message: grubby rubby
checking message: 
checking message: !QB excite
checking message: !QB help
Printing help.
checking message: !QB excite
checking message: cool test
I'm looking at the message!
starting replacer on message 'cool test'
checking message: hmmmm
I'm looking at the message!
starting replacer on message 'hmmmm'
checking message: grubby rubby
checking message: Kill QuirtisBot!
I'm looking at the message!
starting replacer on message 'Kill QuirtisBot!'
checking message: kill QuirtisBot!
I'm looking at the message!
starting replacer on message 'kill QuirtisBot!'
-----------Looking for env file------------
Found env file.
-----------Looking for adj file------------
Found adj file.
Connecting to discord...

QuirtisBot#5604 has connected to Discord!
QuirtisBot#5604 is connected to the following guild:
RedLarch6(id: 143217430070558720)

Guild Members:
 - QuirtisBot
checking message: Nice, he is updated, I found a little bug
I'm looking at the message!
starting replacer on message 'Nice, he is updated, I found a little bug'
checking message: https://tenor.com/view/mean-girls-embarrassed-hiding-gif-5094641
I'm looking at the message!
starting replacer on message 'https://tenor.com/view/mean-girls-embarrassed-hiding-gif-5094641'
checking message: !QB twerk
checking message: you're twerk
I'm looking at the message!
starting replacer on message 'you're twerk'
checking message: !QB calm
I'm calm.
checking message: !QB excite
I'm excite.
checking message: !QB awake
I'm awake.
checking message: <@&819368941771030579> twerk
I'm looking at the message!
starting replacer on message '<@&819368941771030579> twerk'
checking message: 
I'm looking at the message!
starting replacer on message ''
checking message: https://static01-nyt-com.cdn.ampproject.org/i/s/static01.nyt.com/images/2021/03/11/arts/11nft-explain-1/merlin_184196631_939fb22d-b909-4205-99d9-b464fb961d32-mobileMasterAt3x.jpg
I'm looking at the message!
starting replacer on message 'https://static01-nyt-com.cdn.ampproject.org/i/s/static01.nyt.com/images/2021/03/11/arts/11nft-explain-1/merlin_184196631_939fb22d-b909-4205-99d9-b464fb961d32-mobileMasterAt3x.jpg'
checking message: Jack Daniels is bad
I'm looking at the message!
starting replacer on message 'Jack Daniels is bad'
checking message: FUCK JACK DANIELS
I'm looking at the message!
starting replacer on message 'FUCK JACK DANIELS'
checking message: hahahhahah
I'm looking at the message!
starting replacer on message 'hahahhahah'
checking message: <a:roobooble:711013848592941108>
I'm looking at the message!
starting replacer on message '<a:roobooble:711013848592941108>'
checking message: -join
I'm looking at the message!
starting replacer on message '-join'
checking message: -p https://www.youtube.com/watch?v=Yk7vFBIm-kw
I'm looking at the message!
starting replacer on message '-p https://www.youtube.com/watch?v=Yk7vFBIm-kw'
checking message: 
I'm looking at the message!
starting replacer on message ''
checking message: 
I'm looking at the message!
starting replacer on message ''
checking message: cool test
I'm looking at the message!
starting replacer on message 'cool test'
checking message: can one of you guys stream?
I'm looking at the message!
starting replacer on message 'can one of you guys stream?'
checking message: thanks for the useful stream guys
I'm looking at the message!
starting replacer on message 'thanks for the useful stream guys'
checking message: Here for you! 😛
I'm looking at the message!
starting replacer on message 'Here for you! 😛'
checking message: "[TURD]iCloggedDaToilet"  name of the day
I'm looking at the message!
starting replacer on message '"[TURD]iCloggedDaToilet"  name of the day'
checking message: <@!344581588320911371>
I'm looking at the message!
starting replacer on message '<@!344581588320911371>'
checking message: WAXP
I'm looking at the message!
starting replacer on message 'WAXP'
checking message: in one raid
I'm looking at the message!
starting replacer on message 'in one raid'
checking message: https://www.youtube.com/watch?v=5ntrBovvOHw&t=889s
I'm looking at the message!
starting replacer on message 'https://www.youtube.com/watch?v=5ntrBovvOHw&t=889s'
checking message: !QB excite
I'm excite.
checking message: https://tenor.com/view/yes-baby-goal-funny-face-gif-13347383
I'm looking at the message!
starting replacer on message 'https://tenor.com/view/yes-baby-goal-funny-face-gif-13347383'
checking message: I know
I'm looking at the message!
starting replacer on message 'I know'
checking message: !QB hello?
checking message: https://images-ext-2.discordapp.net/external/HVZDP2Ml2JxcBxlm9TlwEBTZLoSAfIqZm5eCoxVySPk/https/media.discordapp.net/attachments/814234063212118027/819719238826328074/FB_IMG_1615506674530.jpg
I'm looking at the message!
starting replacer on message 'https://images-ext-2.discordapp.net/external/HVZDP2Ml2JxcBxlm9TlwEBTZLoSAfIqZm5eCoxVySPk/https/media.discordapp.net/attachments/814234063212118027/819719238826328074/FB_IMG_1615506674530.jpg'
checking message: 
I'm looking at the message!
starting replacer on message ''
checking message: <@!212748207115993088> just had a great scav run using that video
I'm looking at the message!
starting replacer on message '<@!212748207115993088> just had a great scav run using that video'
checking message: No youre great
I'm looking at the message!
starting replacer on message 'No youre great'
checking message: no you
I'm looking at the message!
starting replacer on message 'no you'
checking message: https://tenor.com/view/moist-a-cinderella-story-cookies-jennifer-coolidge-delicious-gif-4715704
I'm looking at the message!
starting replacer on message 'https://tenor.com/view/moist-a-cinderella-story-cookies-jennifer-coolidge-delicious-gif-4715704'
checking message: 📰 **Crimson Heist launches on Tuesday, 16 March 2021**
Year 6 Season 1 - Crimson Heist - will go live on 16 March 2021, bringing with it the new operator Flores, the reworked Border map, and many other changes and improvements to the game. 

⚔️ Flores will be available exclusively in the premium Battle Pass track for 14 days after release. After 14 days, they will be available to unlock with Renown and R6 Credits. 

**Maintenance times:**
<:pc:430480519323582464> 09:00 AM EDT / 13:00 UTC 
<:xbox:430480610025537546> 10:00 AM EDT / 14:00 UTC 
<:playstation:430480566492594176> 11:00 AM EDT / 15:00 UTC 
🗺️ Converted to your local time zone: [<https://bit.ly/2OCkL8n>]

<:YouTube:773859164749168650> Watch the Crimson Heist story trailer here: <https://youtu.be/b2LV-T3PROE>
🗒️ Patch notes: <https://rainbow6.com/crimsonheist>
I'm looking at the message!
starting replacer on message '📰 **Crimson Heist launches on Tuesday, 16 March 2021**
Year 6 Season 1 - Crimson Heist - will go live on 16 March 2021, bringing with it the new operator Flores, the reworked Border map, and many other changes and improvements to the game. 

⚔️ Flores will be available exclusively in the premium Battle Pass track for 14 days after release. After 14 days, they will be available to unlock with Renown and R6 Credits. 

**Maintenance times:**
<:pc:430480519323582464> 09:00 AM EDT / 13:00 UTC 
<:xbox:430480610025537546> 10:00 AM EDT / 14:00 UTC 
<:playstation:430480566492594176> 11:00 AM EDT / 15:00 UTC 
🗺️ Converted to your local time zone: [<https://bit.ly/2OCkL8n>]

<:YouTube:773859164749168650> Watch the Crimson Heist story trailer here: <https://youtu.be/b2LV-T3PROE>
🗒️ Patch notes: <https://rainbow6.com/crimsonheist>'
checking message: I think the word they were looking for Quirtis was moist
I'm looking at the message!
starting replacer on message 'I think the word they were looking for Quirtis was moist'
checking message: YEAHHHHHHHHHHH
I'm looking at the message!
starting replacer on message 'YEAHHHHHHHHHHH'
checking message: My son is doing well I see
I'm looking at the message!
starting replacer on message 'My son is doing well I see'
checking message: he's brilliant
I'm looking at the message!
starting replacer on message 'he's brilliant'
checking message: God bless America
I'm looking at the message!
starting replacer on message 'God bless America'
checking message: This right here.
I'm looking at the message!
starting replacer on message 'This right here.'
checking message: GOD
I'm looking at the message!
starting replacer on message 'GOD'
checking message: DAMN
I'm looking at the message!
starting replacer on message 'DAMN'
checking message: 
I'm looking at the message!
starting replacer on message ''
checking message: we healed 50k combined
I'm looking at the message!
starting replacer on message 'we healed 50k combined'
checking message: it hurt so much
I'm looking at the message!
starting replacer on message 'it hurt so much'
checking message: kill QuirtisBot!
I'm looking at the message!
starting replacer on message 'kill QuirtisBot!'
-----------Looking for env file------------
Found env file.
-----------Looking for adj file------------
Found adj file.
Connecting to discord...

QuirtisBot#5604 has connected to Discord!
QuirtisBot#5604 is connected to the following guild:
RedLarch6(id: 143217430070558720)

Guild Members:
 - QuirtisBot
checking message: QuirtisBot
I'm looking at the message!
starting replacer on message 'QuirtisBot'
checking message: kill QuirtisBot!
I'm looking at the message!
starting replacer on message 'kill QuirtisBot!'
-----------Looking for env file------------
Found env file.
-----------Looking for adj file------------
Found adj file.
Connecting to discord...

QuirtisBot#5604 has connected to Discord!
QuirtisBot#5604 is connected to the following guild:
RedLarch6(id: 143217430070558720)

Guild Members:
 - QuirtisBot
checking message: QuirtisBot
I'm looking at the message!
starting replacer on message 'QuirtisBot'
-----------Looking for env file------------
Found env file.
-----------Looking for adj file------------
Found adj file.
Connecting to discord...

QuirtisBot#5604 has connected to Discord!
QuirtisBot#5604 is connected to the following guild:
RedLarch6(id: 143217430070558720)

Guild Members:
 - QuirtisBot
-----------Looking for env file------------
Found env file.
-----------Looking for adj file------------
Found adj file.
Connecting to discord...

QuirtisBot#5604 has connected to Discord!
QuirtisBot#5604 is connected to the following guild:
RedLarch6(id: 143217430070558720)

Guild Members:
 - QuirtisBot
checking message: yes he is
I'm looking at the message!
starting replacer on message 'yes he is'
checking message: wait till <@!195671482653736961>  talks to it
I'm looking at the message!
starting replacer on message 'wait till <@!195671482653736961>  talks to it'
Ignoring exception in on_message
Traceback (most recent call last):
  File "/usr/local/lib/python3.6/dist-packages/discord/client.py", line 343, in _run_event
    await coro(*args, **kwargs)
  File "./__main__.py", line 54, in on_message
    await message.channel.send("You ain't my daddy.")
  File "/usr/local/lib/python3.6/dist-packages/discord/abc.py", line 937, in send
    message_reference=reference)
  File "/usr/local/lib/python3.6/dist-packages/discord/http.py", line 185, in request
    async with self.__session.request(method, url, **kwargs) as r:
  File "/usr/local/lib/python3.6/dist-packages/aiohttp/client.py", line 1117, in __aenter__
    self._resp = await self._coro
  File "/usr/local/lib/python3.6/dist-packages/aiohttp/client.py", line 381, in _request
    raise RuntimeError("Session is closed")
RuntimeError: Session is closed
-----------Looking for env file------------
Found env file.
-----------Looking for adj file------------
Found adj file.
Connecting to discord...

QuirtisBot#5604 has connected to Discord!
QuirtisBot#5604 is connected to the following guild:
RedLarch6(id: 143217430070558720)

Guild Members:
 - QuirtisBot
checking message: son?
I'm looking at the message!
starting replacer on message 'son?'
checking message: His kid is giving him the silent treatment
I'm looking at the message!
starting replacer on message 'His kid is giving him the silent treatment'
checking message: Get him son
I'm looking at the message!
starting replacer on message 'Get him son'
checking message: rekt
I'm looking at the message!
starting replacer on message 'rekt'
checking message: not really, that's a fuckton o' healing
I'm looking at the message!
starting replacer on message 'not really, that's a fuckton o' healing'
checking message: 
I'm looking at the message!
starting replacer on message ''
Ignoring exception in on_message
Traceback (most recent call last):
  File "/usr/local/lib/python3.6/dist-packages/discord/client.py", line 343, in _run_event
    await coro(*args, **kwargs)
  File "./__main__.py", line 54, in on_message
    await message.channel.send("You ain't my daddy.")
  File "/usr/local/lib/python3.6/dist-packages/discord/abc.py", line 937, in send
    message_reference=reference)
  File "/usr/local/lib/python3.6/dist-packages/discord/http.py", line 185, in request
    async with self.__session.request(method, url, **kwargs) as r:
  File "/usr/local/lib/python3.6/dist-packages/aiohttp/client.py", line 1117, in __aenter__
    self._resp = await self._coro
  File "/usr/local/lib/python3.6/dist-packages/aiohttp/client.py", line 381, in _request
    raise RuntimeError("Session is closed")
RuntimeError: Session is closed
-----------Looking for env file------------
Found env file.
-----------Looking for adj file------------
Found adj file.
Connecting to discord...

QuirtisBot#5604 has connected to Discord!
QuirtisBot#5604 is connected to the following guild:
MY BOT TEST SERVER(id: 818616194931228682)

Guild Members:
 - QuirtisBot
checking message: cool test
I'm looking at the message!
starting replacer on message 'cool test'
checking message: quit jerking us around <@!818611808734674964>
I'm looking at the message!
starting replacer on message 'quit jerking us around <@!818611808734674964>'
checking message: Not cool
I'm looking at the message!
starting replacer on message 'Not cool'
